<?xml version="1.0" encoding="UTF-8"?>
<!-- Generated by org.testng.reporters.JUnitReportReporter -->
<testsuite hostname="KGSVDI-1508" failures="0" tests="1" name="kpmg.qa.hsbc.test.BrokerHomePageTest" time="39.620" errors="0" timestamp="2024-07-03T08:21:03 IST" skipped="0">
  <testcase classname="kpmg.qa.hsbc.test.BrokerHomePageTest" name="BHomePageRequestClick" time="39.620"/>
</testsuite> <!-- kpmg.qa.hsbc.test.BrokerHomePageTest -->
