<?xml version="1.0" encoding="UTF-8"?>
<!-- Generated by org.testng.reporters.JUnitReportReporter -->
<testsuite hostname="KGSVDI-1508" failures="0" tests="3" name="kpmg.qa.hsbc.test.LoginPageTest" time="4.926" errors="0" timestamp="2024-06-26T15:48:48 IST" skipped="0">
  <testcase classname="kpmg.qa.hsbc.test.LoginPageTest" name="BrokerselectionPageTest" time="1.134"/>
  <testcase classname="kpmg.qa.hsbc.test.LoginPageTest" name="forgotpwdlinkexists" time="3.675"/>
  <testcase classname="kpmg.qa.hsbc.test.LoginPageTest" name="BrokerLoginTest" time="0.117"/>
</testsuite> <!-- kpmg.qa.hsbc.test.LoginPageTest -->
